0 info it worked if it ends with ok
1 verbose cli [ 'node', '/usr/local/bin/npm', 'publish' ]
2 info using npm@1.3.24
3 info using node@v0.10.25
4 verbose publish [ '.' ]
5 verbose cache add [ '.', null ]
6 verbose cache add name=undefined spec="." args=[".",null]
7 verbose parsed url { protocol: null,
7 verbose parsed url   slashes: null,
7 verbose parsed url   auth: null,
7 verbose parsed url   host: null,
7 verbose parsed url   port: null,
7 verbose parsed url   hostname: null,
7 verbose parsed url   hash: null,
7 verbose parsed url   search: null,
7 verbose parsed url   query: null,
7 verbose parsed url   pathname: '.',
7 verbose parsed url   path: '.',
7 verbose parsed url   href: '.' }
8 silly lockFile 3a52ce78- .
9 verbose lock . /users/anton_kazmiarchuk/.npm/3a52ce78-.lock
10 verbose tar pack [ '/var/folders/c0/8v8n79qn1w7g_mv27hsydydh0009rh/T/npm-42684-uPh0C_W3/1399531813863-0.7925107548944652/tmp.tgz',
10 verbose tar pack   '.' ]
11 verbose tarball /var/folders/c0/8v8n79qn1w7g_mv27hsydydh0009rh/T/npm-42684-uPh0C_W3/1399531813863-0.7925107548944652/tmp.tgz
12 verbose folder .
13 info prepublish lcs@0.0.0
14 silly lockFile 1f1177db-tar tar://.
15 verbose lock tar://. /users/anton_kazmiarchuk/.npm/1f1177db-tar.lock
16 silly lockFile f2ec3a58-13863-0-7925107548944652-tmp-tgz tar:///var/folders/c0/8v8n79qn1w7g_mv27hsydydh0009rh/T/npm-42684-uPh0C_W3/1399531813863-0.7925107548944652/tmp.tgz
17 verbose lock tar:///var/folders/c0/8v8n79qn1w7g_mv27hsydydh0009rh/T/npm-42684-uPh0C_W3/1399531813863-0.7925107548944652/tmp.tgz /users/anton_kazmiarchuk/.npm/f2ec3a58-13863-0-7925107548944652-tmp-tgz.lock
18 silly lockFile 1f1177db-tar tar://.
19 silly lockFile 1f1177db-tar tar://.
20 silly lockFile f2ec3a58-13863-0-7925107548944652-tmp-tgz tar:///var/folders/c0/8v8n79qn1w7g_mv27hsydydh0009rh/T/npm-42684-uPh0C_W3/1399531813863-0.7925107548944652/tmp.tgz
21 silly lockFile f2ec3a58-13863-0-7925107548944652-tmp-tgz tar:///var/folders/c0/8v8n79qn1w7g_mv27hsydydh0009rh/T/npm-42684-uPh0C_W3/1399531813863-0.7925107548944652/tmp.tgz
22 verbose tar unpack /var/folders/c0/8v8n79qn1w7g_mv27hsydydh0009rh/T/npm-42684-uPh0C_W3/1399531813863-0.7925107548944652/tmp.tgz
23 silly lockFile eac4f015-13863-0-7925107548944652-package tar:///var/folders/c0/8v8n79qn1w7g_mv27hsydydh0009rh/T/npm-42684-uPh0C_W3/1399531813863-0.7925107548944652/package
24 verbose lock tar:///var/folders/c0/8v8n79qn1w7g_mv27hsydydh0009rh/T/npm-42684-uPh0C_W3/1399531813863-0.7925107548944652/package /users/anton_kazmiarchuk/.npm/eac4f015-13863-0-7925107548944652-package.lock
25 silly lockFile f2ec3a58-13863-0-7925107548944652-tmp-tgz tar:///var/folders/c0/8v8n79qn1w7g_mv27hsydydh0009rh/T/npm-42684-uPh0C_W3/1399531813863-0.7925107548944652/tmp.tgz
26 verbose lock tar:///var/folders/c0/8v8n79qn1w7g_mv27hsydydh0009rh/T/npm-42684-uPh0C_W3/1399531813863-0.7925107548944652/tmp.tgz /users/anton_kazmiarchuk/.npm/f2ec3a58-13863-0-7925107548944652-tmp-tgz.lock
27 silly gunzTarPerm modes [ '755', '644' ]
28 silly gunzTarPerm extractEntry package.json
29 silly gunzTarPerm extractEntry .npmignore
30 silly gunzTarPerm extractEntry README.md
31 silly gunzTarPerm extractEntry index.js
32 silly gunzTarPerm extractEntry fn/addrmsd.js
33 silly gunzTarPerm extractEntry fn/collect.js
34 silly gunzTarPerm extractEntry fn/countstats.js
35 silly gunzTarPerm extractEntry fn/determine.js
36 silly gunzTarPerm extractEntry fn/restoresubstr.js
37 silly gunzTarPerm extractEntry fn/sdist.js
38 silly gunzTarPerm extractEntry fn/test/addrmsd.js
39 silly gunzTarPerm extractEntry fn/test/collect.js
40 silly gunzTarPerm extractEntry fn/test/countstats.js
41 silly gunzTarPerm extractEntry fn/test/determine.js
42 silly gunzTarPerm extractEntry fn/test/restoresubstr.js
43 silly gunzTarPerm extractEntry fn/test/sdist.js
44 silly gunzTarPerm extractEntry test/index.js
45 silly lockFile eac4f015-13863-0-7925107548944652-package tar:///var/folders/c0/8v8n79qn1w7g_mv27hsydydh0009rh/T/npm-42684-uPh0C_W3/1399531813863-0.7925107548944652/package
46 silly lockFile eac4f015-13863-0-7925107548944652-package tar:///var/folders/c0/8v8n79qn1w7g_mv27hsydydh0009rh/T/npm-42684-uPh0C_W3/1399531813863-0.7925107548944652/package
47 silly lockFile f2ec3a58-13863-0-7925107548944652-tmp-tgz tar:///var/folders/c0/8v8n79qn1w7g_mv27hsydydh0009rh/T/npm-42684-uPh0C_W3/1399531813863-0.7925107548944652/tmp.tgz
48 silly lockFile f2ec3a58-13863-0-7925107548944652-tmp-tgz tar:///var/folders/c0/8v8n79qn1w7g_mv27hsydydh0009rh/T/npm-42684-uPh0C_W3/1399531813863-0.7925107548944652/tmp.tgz
49 verbose tar pack [ '/users/anton_kazmiarchuk/.npm/lcs/0.0.0/package.tgz',
49 verbose tar pack   '/var/folders/c0/8v8n79qn1w7g_mv27hsydydh0009rh/T/npm-42684-uPh0C_W3/1399531813863-0.7925107548944652/package' ]
50 verbose tarball /users/anton_kazmiarchuk/.npm/lcs/0.0.0/package.tgz
51 verbose folder /var/folders/c0/8v8n79qn1w7g_mv27hsydydh0009rh/T/npm-42684-uPh0C_W3/1399531813863-0.7925107548944652/package
52 silly lockFile eac4f015-13863-0-7925107548944652-package tar:///var/folders/c0/8v8n79qn1w7g_mv27hsydydh0009rh/T/npm-42684-uPh0C_W3/1399531813863-0.7925107548944652/package
53 verbose lock tar:///var/folders/c0/8v8n79qn1w7g_mv27hsydydh0009rh/T/npm-42684-uPh0C_W3/1399531813863-0.7925107548944652/package /users/anton_kazmiarchuk/.npm/eac4f015-13863-0-7925107548944652-package.lock
54 silly lockFile 13172d39-archuk-npm-lcs-0-0-0-package-tgz tar:///users/anton_kazmiarchuk/.npm/lcs/0.0.0/package.tgz
55 verbose lock tar:///users/anton_kazmiarchuk/.npm/lcs/0.0.0/package.tgz /users/anton_kazmiarchuk/.npm/13172d39-archuk-npm-lcs-0-0-0-package-tgz.lock
56 silly lockFile eac4f015-13863-0-7925107548944652-package tar:///var/folders/c0/8v8n79qn1w7g_mv27hsydydh0009rh/T/npm-42684-uPh0C_W3/1399531813863-0.7925107548944652/package
57 silly lockFile eac4f015-13863-0-7925107548944652-package tar:///var/folders/c0/8v8n79qn1w7g_mv27hsydydh0009rh/T/npm-42684-uPh0C_W3/1399531813863-0.7925107548944652/package
58 silly lockFile 13172d39-archuk-npm-lcs-0-0-0-package-tgz tar:///users/anton_kazmiarchuk/.npm/lcs/0.0.0/package.tgz
59 silly lockFile 13172d39-archuk-npm-lcs-0-0-0-package-tgz tar:///users/anton_kazmiarchuk/.npm/lcs/0.0.0/package.tgz
60 silly lockFile 5f44e84c-azmiarchuk-npm-lcs-0-0-0-package /users/anton_kazmiarchuk/.npm/lcs/0.0.0/package
61 verbose lock /users/anton_kazmiarchuk/.npm/lcs/0.0.0/package /users/anton_kazmiarchuk/.npm/5f44e84c-azmiarchuk-npm-lcs-0-0-0-package.lock
62 silly lockFile 5f44e84c-azmiarchuk-npm-lcs-0-0-0-package /users/anton_kazmiarchuk/.npm/lcs/0.0.0/package
63 silly lockFile 5f44e84c-azmiarchuk-npm-lcs-0-0-0-package /users/anton_kazmiarchuk/.npm/lcs/0.0.0/package
64 verbose tar unpack /users/anton_kazmiarchuk/.npm/lcs/0.0.0/package.tgz
65 silly lockFile c56d1c5f-azmiarchuk-npm-lcs-0-0-0-package tar:///users/anton_kazmiarchuk/.npm/lcs/0.0.0/package
66 verbose lock tar:///users/anton_kazmiarchuk/.npm/lcs/0.0.0/package /users/anton_kazmiarchuk/.npm/c56d1c5f-azmiarchuk-npm-lcs-0-0-0-package.lock
67 silly lockFile 13172d39-archuk-npm-lcs-0-0-0-package-tgz tar:///users/anton_kazmiarchuk/.npm/lcs/0.0.0/package.tgz
68 verbose lock tar:///users/anton_kazmiarchuk/.npm/lcs/0.0.0/package.tgz /users/anton_kazmiarchuk/.npm/13172d39-archuk-npm-lcs-0-0-0-package-tgz.lock
69 silly gunzTarPerm modes [ '755', '644' ]
70 silly gunzTarPerm extractEntry package.json
71 silly gunzTarPerm extractEntry .npmignore
72 silly gunzTarPerm extractEntry README.md
73 silly gunzTarPerm extractEntry index.js
74 silly gunzTarPerm extractEntry fn/addrmsd.js
75 silly gunzTarPerm extractEntry fn/collect.js
76 silly gunzTarPerm extractEntry fn/countstats.js
77 silly gunzTarPerm extractEntry fn/determine.js
78 silly gunzTarPerm extractEntry fn/restoresubstr.js
79 silly gunzTarPerm extractEntry fn/sdist.js
80 silly gunzTarPerm extractEntry fn/test/addrmsd.js
81 silly gunzTarPerm extractEntry fn/test/collect.js
82 silly gunzTarPerm extractEntry fn/test/countstats.js
83 silly gunzTarPerm extractEntry fn/test/determine.js
84 silly gunzTarPerm extractEntry fn/test/restoresubstr.js
85 silly gunzTarPerm extractEntry fn/test/sdist.js
86 silly gunzTarPerm extractEntry test/index.js
87 silly lockFile c56d1c5f-azmiarchuk-npm-lcs-0-0-0-package tar:///users/anton_kazmiarchuk/.npm/lcs/0.0.0/package
88 silly lockFile c56d1c5f-azmiarchuk-npm-lcs-0-0-0-package tar:///users/anton_kazmiarchuk/.npm/lcs/0.0.0/package
89 silly lockFile 13172d39-archuk-npm-lcs-0-0-0-package-tgz tar:///users/anton_kazmiarchuk/.npm/lcs/0.0.0/package.tgz
90 silly lockFile 13172d39-archuk-npm-lcs-0-0-0-package-tgz tar:///users/anton_kazmiarchuk/.npm/lcs/0.0.0/package.tgz
91 verbose chmod /users/anton_kazmiarchuk/.npm/lcs/0.0.0/package.tgz 644
92 verbose chown /users/anton_kazmiarchuk/.npm/lcs/0.0.0/package.tgz [ 10000, 10000 ]
93 silly lockFile 3a52ce78- .
94 silly lockFile 3a52ce78- .
95 silly publish { name: 'lcs',
95 silly publish   version: '0.0.0',
95 silly publish   description: 'longest continuous segment algorithm',
95 silly publish   main: 'index.js',
95 silly publish   author: '',
95 silly publish   devDependencies: { mocha: '~1.18.2' },
95 silly publish   readme: 'longest continuous segment algorithm\n====================================\nan attempt to code lcs as described [here](http://predictioncenter.org/casp/casp7/public/doc/LCS_GDT.README). the signature of the only exported method is _(protein1, protein2, cut)_, where:\n\n  * proteinN, N in [1,2], is an array of protein CA atoms positions:\n\n  ```\n  [\n    [x1, y1, z1],\n    [x2, y1, z2],\n    ...\n  ]\n  ```\n\n  * cut is angstrom rmsd cut for lcs run\n\nreturn value has the following format:\n\n```javascript\n{\n  subs: [ { tgt: [], exp: [] }],\n  stats: []\n}\n```\n\nwhere subs is an array of all matched segments in the second protein (model, tgt) and the first protein (exp). tgt and exp arrays in each record are zero-based references to residues in second and first proteins, respectively. stats is an array indexed by zero-based residue indices of first protein, where the value at *i* is the length of the longest segment in second protein where i-th residue of the first protein, while being matched - probably along with other residues, had the longest match.\n\n',
95 silly publish   readmeFilename: 'README.md',
95 silly publish   _id: 'lcs@0.0.0',
95 silly publish   dist: { shasum: '117286c9e1816eb28b86f67f2f2b4213bdbcb3d6' },
95 silly publish   _from: '.' }
96 verbose url raw lcs
97 verbose url resolving [ 'https://registry.npmjs.org/', './lcs' ]
98 verbose url resolved https://registry.npmjs.org/lcs
99 info trying registry request attempt 1 at 09:50:14
100 http PUT https://registry.npmjs.org/lcs
101 http 403 https://registry.npmjs.org/lcs
102 info trying registry request attempt 1 at 09:50:16
103 http PUT https://registry.npmjs.org/lcs
104 http 403 https://registry.npmjs.org/lcs
105 error publish Failed PUT 403
106 error Error: forbidden user: ttrfstud not authorized to modify lcs
106 error Changed: description "Longest Common Subsequence Algorithm Implementation" -> "longest continuous segment algorithm"
106 error Changed: dist-tags.latest "0.1.0" -> "0.0.0"
106 error Added: versions.0.0.0
106 error Changed: readme "# Longest Common Subsequence Algorithm Implementation\u000a\u000a## Testing\u000a\u000a```shell\u000agit clone git://github.com/vslinko/lcs.git lcs\u000acd lcs\u000anpm install -g grunt-cli\u000anpm install\u000anpm test\u000a```\u000a" -> "longest continuous segment algorithm\u000a====================================\u000aan attempt to code lcs as described [here](http://predictioncenter.org/casp/casp7/public/doc/LCS_GDT.README). the signature of the only exported method is _(protein1, protein2, cut)_, where:\u000a\u000a  * proteinN, N in [1,2], is an array of protein CA atoms positions:\u000a\u000a  ```\u000a  [\u000a    [x1, y1, z1],\u000a    [x2, y1, z2],\u000a    ...\u000a  ]\u000a  ```\u000a\u000a  * cut is angstrom rmsd cut for lcs run\u000a\u000areturn value has the following format:\u000a\u000a```javascript\u000a{\u000a  subs: [ { tgt: [], exp: [] }],\u000a  stats: []\u000a}\u000a```\u000a\u000awhere subs is an array of all matched segments in the second protein (model, tgt) and the first protein (exp). tgt and exp arrays in each record are zero-based references to residues in second and first proteins, respectively. stats is an array indexed by zero-based residue indices of first protein, where the value at *i* is the length of the longest segment in second protein where i-th residue of the first protein, while being matched - probably along with other residues, had the longest match.\u000a\u000a"
106 error Changed: time.modified "2013-05-26T10:26:07.603Z" -> "2014-05-08T06:49:44.647Z"
106 error Added: time.0.0.0
106 error Deleted: author
106 error Deleted: repository
106 error Deleted: bugs
106 error Added: _attachments: lcs
106 error     at RegClient.<anonymous> (/usr/local/lib/node_modules/npm/node_modules/npm-registry-client/lib/request.js:275:14)
106 error     at Request.self.callback (/usr/local/lib/node_modules/npm/node_modules/request/request.js:123:22)
106 error     at Request.EventEmitter.emit (events.js:98:17)
106 error     at Request.<anonymous> (/usr/local/lib/node_modules/npm/node_modules/request/request.js:893:14)
106 error     at Request.EventEmitter.emit (events.js:117:20)
106 error     at IncomingMessage.<anonymous> (/usr/local/lib/node_modules/npm/node_modules/request/request.js:844:12)
106 error     at IncomingMessage.EventEmitter.emit (events.js:117:20)
106 error     at _stream_readable.js:920:16
106 error     at process._tickCallback (node.js:415:13)
107 error If you need help, you may report this *entire* log,
107 error including the npm and node versions, at:
107 error     <http://github.com/isaacs/npm/issues>
108 error System Darwin 13.0.0
109 error command "node" "/usr/local/bin/npm" "publish"
110 error cwd /Users/anton_kazmiarchuk/Desktop/testdir/lcs
111 error node -v v0.10.25
112 error npm -v 1.3.24
113 verbose exit [ 1, true ]
